build/app/outputs/mapping/release/mapping.txt
# compiler: R8
# compiler_version: 1.5.64
# min_api: 21
# pg_map_id: 200fd93
...
com.google.android.gms.measurement.internal.zzah -> com.google.android.gms.measurement.internal.i:
    java.util.Set zza(android.database.sqlite.SQLiteDatabase,java.lang.String) -> a
    void zza(com.google.android.gms.measurement.internal.zzeu,android.database.sqlite.SQLiteDatabase) -> a
    void zza(com.google.android.gms.measurement.internal.zzeu,android.database.sqlite.SQLiteDatabase,java.lang.String,java.lang.String,java.lang.String,java.lang.String[]) -> a
    boolean zza(com.google.android.gms.measurement.internal.zzeu,android.database.sqlite.SQLiteDatabase,java.lang.String) -> a
com.google.android.gms.measurement.internal.zzai -> com.google.android.gms.measurement.internal.j:
    java.lang.Boolean zze -> g
    java.lang.Boolean zzc -> e
    long zzf -> h
    android.accounts.AccountManager zzd -> f
    long zza -> c
    java.lang.String zzb -> d
    boolean zza(android.content.Context) -> a
    android.content.Context zzn() -> a
    com.google.android.gms.measurement.internal.zzfv zzq() -> b
    com.google.android.gms.common.util.Clock zzm() -> c
    com.google.android.gms.measurement.internal.zzeu zzr() -> d
    void zzd() -> g
    com.google.android.gms.measurement.internal.zzai zzl() -> h
    com.google.android.gms.measurement.internal.zzes zzo() -> i
    com.google.android.gms.measurement.internal.zzx zzu() -> j
    com.google.android.gms.measurement.internal.zzkr zzp() -> k
    com.google.android.gms.measurement.internal.zzfg zzs() -> l
    com.google.android.gms.measurement.internal.zzy zzt() -> m
    boolean zze() -> r
    long zzf() -> t
    java.lang.String zzg() -> u
    long zzh() -> v
    void zzi() -> w
    boolean zzj() -> x
com.google.android.gms.measurement.internal.zzaj -> com.google.android.gms.measurement.internal.k:
    com.google.android.gms.measurement.internal.zzgu zza -> a
    com.google.android.gms.measurement.internal.zzag zzb -> b
com.google.android.gms.measurement.internal.zzak -> com.google.android.gms.measurement.internal.l:
    java.lang.Long zzi -> i
    java.lang.Long zzj -> j
    long zzf -> f
    java.lang.Boolean zzk -> k
    long zze -> e
    long zzg -> g
    java.lang.String zza -> a
    long zzd -> d
    long zzc -> c
    java.lang.String zzb -> b
    java.lang.Long zzh -> h
    com.google.android.gms.measurement.internal.zzak zza(long) -> a
    com.google.android.gms.measurement.internal.zzak zza(long,long) -> a
    com.google.android.gms.measurement.internal.zzak zza(java.lang.Long,java.lang.Long,java.lang.Boolean) -> a
com.google.android.gms.measurement.internal.zzal -> com.google.android.gms.measurement.internal.m:
    long zzd -> e
    com.google.android.gms.measurement.internal.zzan zze -> f
    java.lang.String zza -> a
    long zzc -> d
    java.lang.String zzf -> c
    java.lang.String zzb -> b
    com.google.android.gms.measurement.internal.zzal zza(com.google.android.gms.measurement.internal.zzfy,long) -> a
com.google.android.gms.measurement.internal.zzam -> com.google.android.gms.measurement.internal.n:
    com.google.android.gms.measurement.internal.zzan zzb -> b
    java.util.Iterator zza -> a
com.google.android.gms.measurement.internal.zzan -> com.google.android.gms.measurement.internal.o:
    android.os.Bundle zza -> a
    android.os.Bundle zza(com.google.android.gms.measurement.internal.zzan) -> a
    java.lang.Object zza(java.lang.String) -> a
    java.lang.Long zzb(java.lang.String) -> b
    java.lang.Double zzc(java.lang.String) -> c
    java.lang.String zzd(java.lang.String) -> d
    int zza() -> f
    android.os.Bundle zzb() -> g
com.google.android.gms.measurement.internal.zzao -> com.google.android.gms.measurement.internal.p:
    com.google.android.gms.measurement.internal.zzan zzb -> b
    java.lang.String zza -> a
    long zzd -> d
    java.lang.String zzc -> c
com.google.android.gms.measurement.internal.zzap -> com.google.android.gms.measurement.internal.q: